[INFO] Scanning for projects...
[INFO] 
[INFO] --------------< com.process-agent:process-agent-backend >---------------
[INFO] Building process-agent-backend 1.0.0-SNAPSHOT
[INFO]   from pom.xml
[INFO] --------------------------------[ jar ]---------------------------------
[INFO] 
[INFO] >>> spring-boot:3.2.5:run (default-cli) > test-compile @ process-agent-backend >>>
[INFO] 
[INFO] --- resources:3.3.1:resources (default-resources) @ process-agent-backend ---
[INFO] Copying 1 resource from src/main/resources to target/classes
[INFO] Copying 1 resource from src/main/resources to target/classes
[INFO] 
[INFO] --- compiler:3.11.0:compile (default-compile) @ process-agent-backend ---
[INFO] Nothing to compile - all classes are up to date
[INFO] 
[INFO] --- resources:3.3.1:testResources (default-testResources) @ process-agent-backend ---
[INFO] skip non existing resourceDirectory /data/PXY/cappall/prototype/backend/src/test/resources
[INFO] 
[INFO] --- compiler:3.11.0:testCompile (default-testCompile) @ process-agent-backend ---
[INFO] No sources to compile
[INFO] 
[INFO] <<< spring-boot:3.2.5:run (default-cli) < test-compile @ process-agent-backend <<<
[INFO] 
[INFO] 
[INFO] --- spring-boot:3.2.5:run (default-cli) @ process-agent-backend ---
[INFO] Attaching agents: []

  .   ____          _            __ _ _
 /\\ / ___'_ __ _ _(_)_ __  __ _ \ \ \ \
( ( )\___ | '_ | '_| | '_ \/ _` | \ \ \ \
 \\/  ___)| |_)| | | | | || (_| |  ) ) ) )
  '  |____| .__|_| |_|_| |_\__, | / / / /
 =========|_|==============|___/=/_/_/_/
 :: Spring Boot ::                (v3.2.5)

2026-03-12T08:08:18.200+08:00  INFO 2232114 --- [process-agent-backend] [           main] c.processagent.ProcessAgentApplication   : Starting ProcessAgentApplication using Java 17.0.17 with PID 2232114 (/data/PXY/cappall/prototype/backend/target/classes started by sysadmin in /data/PXY/cappall/prototype/backend)
2026-03-12T08:08:18.202+08:00  INFO 2232114 --- [process-agent-backend] [           main] c.processagent.ProcessAgentApplication   : No active profile set, falling back to 1 default profile: "default"
2026-03-12T08:08:18.759+08:00  INFO 2232114 --- [process-agent-backend] [           main] .s.d.r.c.RepositoryConfigurationDelegate : Bootstrapping Spring Data JPA repositories in DEFAULT mode.
2026-03-12T08:08:18.877+08:00  INFO 2232114 --- [process-agent-backend] [           main] .s.d.r.c.RepositoryConfigurationDelegate : Finished Spring Data repository scanning in 111 ms. Found 12 JPA repository interfaces.
2026-03-12T08:08:19.364+08:00  INFO 2232114 --- [process-agent-backend] [           main] o.s.b.w.embedded.tomcat.TomcatWebServer  : Tomcat initialized with port 8055 (http)
2026-03-12T08:08:19.375+08:00  INFO 2232114 --- [process-agent-backend] [           main] o.apache.catalina.core.StandardService   : Starting service [Tomcat]
2026-03-12T08:08:19.375+08:00  INFO 2232114 --- [process-agent-backend] [           main] o.apache.catalina.core.StandardEngine    : Starting Servlet engine: [Apache Tomcat/10.1.20]
2026-03-12T08:08:19.420+08:00  INFO 2232114 --- [process-agent-backend] [           main] o.a.c.c.C.[Tomcat].[localhost].[/]       : Initializing Spring embedded WebApplicationContext
2026-03-12T08:08:19.421+08:00  INFO 2232114 --- [process-agent-backend] [           main] w.s.c.ServletWebServerApplicationContext : Root WebApplicationContext: initialization completed in 1179 ms
2026-03-12T08:08:19.581+08:00  INFO 2232114 --- [process-agent-backend] [           main] o.hibernate.jpa.internal.util.LogHelper  : HHH000204: Processing PersistenceUnitInfo [name: default]
2026-03-12T08:08:19.625+08:00  INFO 2232114 --- [process-agent-backend] [           main] org.hibernate.Version                    : HHH000412: Hibernate ORM core version 6.4.4.Final
2026-03-12T08:08:19.655+08:00  INFO 2232114 --- [process-agent-backend] [           main] o.h.c.internal.RegionFactoryInitiator    : HHH000026: Second-level cache disabled
2026-03-12T08:08:19.857+08:00  INFO 2232114 --- [process-agent-backend] [           main] o.s.o.j.p.SpringPersistenceUnitInfo      : No LoadTimeWeaver setup: ignoring JPA class transformer
2026-03-12T08:08:19.925+08:00  INFO 2232114 --- [process-agent-backend] [           main] com.zaxxer.hikari.HikariDataSource       : HikariPool-1 - Starting...
2026-03-12T08:08:20.128+08:00  INFO 2232114 --- [process-agent-backend] [           main] com.zaxxer.hikari.pool.HikariPool        : HikariPool-1 - Added connection com.mysql.cj.jdbc.ConnectionImpl@6e0d16a4
2026-03-12T08:08:20.130+08:00  INFO 2232114 --- [process-agent-backend] [           main] com.zaxxer.hikari.HikariDataSource       : HikariPool-1 - Start completed.
2026-03-12T08:08:20.180+08:00  WARN 2232114 --- [process-agent-backend] [           main] org.hibernate.dialect.Dialect            : HHH000511: The 5.5.0 version for [org.hibernate.dialect.MySQLDialect] is no longer supported, hence certain features may not work properly. The minimum supported version is 8.0.0. Check the community dialects project for available legacy versions.
2026-03-12T08:08:20.185+08:00  WARN 2232114 --- [process-agent-backend] [           main] org.hibernate.orm.deprecation            : HHH90000025: MySQLDialect does not need to be specified explicitly using 'hibernate.dialect' (remove the property setting and it will be selected by default)
2026-03-12T08:08:21.166+08:00  INFO 2232114 --- [process-agent-backend] [           main] o.h.e.t.j.p.i.JtaPlatformInitiator       : HHH000489: No JTA platform available (set 'hibernate.transaction.jta.platform' to enable JTA platform integration)
2026-03-12T08:08:21.218+08:00  INFO 2232114 --- [process-agent-backend] [           main] j.LocalContainerEntityManagerFactoryBean : Initialized JPA EntityManagerFactory for persistence unit 'default'
2026-03-12T08:08:21.674+08:00  INFO 2232114 --- [process-agent-backend] [           main] o.s.d.j.r.query.QueryEnhancerFactory     : Hibernate is in classpath; If applicable, HQL parser will be used.
2026-03-12T08:08:22.403+08:00  INFO 2232114 --- [process-agent-backend] [           main] o.s.b.w.embedded.tomcat.TomcatWebServer  : Tomcat started on port 8055 (http) with context path ''
2026-03-12T08:08:22.414+08:00  INFO 2232114 --- [process-agent-backend] [           main] c.processagent.ProcessAgentApplication   : Started ProcessAgentApplication in 4.606 seconds (process running for 4.921)
2026-03-12T08:08:22.485+08:00 DEBUG 2232114 --- [process-agent-backend] [           main] org.hibernate.SQL                        : 
    select
        count(*) 
    from
        knowledge_item ki1_0
2026-03-12T08:08:22.498+08:00 DEBUG 2232114 --- [process-agent-backend] [           main] org.hibernate.SQL                        : 
    select
        count(*) 
    from
        sys_role re1_0
2026-03-12T08:08:22.500+08:00 DEBUG 2232114 --- [process-agent-backend] [           main] org.hibernate.SQL                        : 
    select
        count(*) 
    from
        sys_user ue1_0
2026-03-12T08:08:22.502+08:00 DEBUG 2232114 --- [process-agent-backend] [           main] org.hibernate.SQL                        : 
    select
        count(*) 
    from
        sys_org oe1_0
2026-03-12T08:08:22.504+08:00 DEBUG 2232114 --- [process-agent-backend] [           main] org.hibernate.SQL                        : 
    select
        count(*) 
    from
        tool_config tc1_0
2026-03-12T08:08:22.506+08:00 DEBUG 2232114 --- [process-agent-backend] [           main] org.hibernate.SQL                        : 
    select
        count(*) 
    from
        rule_config rc1_0
2026-03-12T08:08:22.508+08:00 DEBUG 2232114 --- [process-agent-backend] [           main] org.hibernate.SQL                        : 
    select
        count(*) 
    from
        agent_app aa1_0
2026-03-12T08:08:22.509+08:00  INFO 2232114 --- [process-agent-backend] [           main] c.processagent.config.DataInitializer    : 基础数据初始化完成
2026-03-12T08:17:02.672+08:00  INFO 2232114 --- [process-agent-backend] [0.0-8055-exec-1] o.a.c.c.C.[Tomcat].[localhost].[/]       : Initializing Spring DispatcherServlet 'dispatcherServlet'
2026-03-12T08:17:02.672+08:00  INFO 2232114 --- [process-agent-backend] [0.0-8055-exec-1] o.s.web.servlet.DispatcherServlet        : Initializing Servlet 'dispatcherServlet'
2026-03-12T08:17:02.673+08:00  INFO 2232114 --- [process-agent-backend] [0.0-8055-exec-1] o.s.web.servlet.DispatcherServlet        : Completed initialization in 1 ms
2026-03-12T08:17:02.723+08:00 DEBUG 2232114 --- [process-agent-backend] [0.0-8055-exec-1] org.hibernate.SQL                        : 
    select
        ki1_0.id,
        ki1_0.category,
        ki1_0.name,
        ki1_0.status,
        ki1_0.type,
        ki1_0.update_time,
        ki1_0.version 
    from
        knowledge_item ki1_0
2026-03-12T08:17:02.723+08:00 DEBUG 2232114 --- [process-agent-backend] [0.0-8055-exec-2] org.hibernate.SQL                        : 
    select
        mc1_0.id,
        mc1_0.api_key,
        mc1_0.endpoint,
        mc1_0.name,
        mc1_0.provider,
        mc1_0.remark,
        mc1_0.status,
        mc1_0.type,
        mc1_0.update_time 
    from
        model_config mc1_0
2026-03-12T08:20:21.780+08:00 DEBUG 2232114 --- [process-agent-backend] [0.0-8055-exec-4] org.hibernate.SQL                        : 
    select
        ki1_0.id,
        ki1_0.category,
        ki1_0.name,
        ki1_0.status,
        ki1_0.type,
        ki1_0.update_time,
        ki1_0.version 
    from
        knowledge_item ki1_0
2026-03-12T08:20:21.781+08:00 DEBUG 2232114 --- [process-agent-backend] [0.0-8055-exec-3] org.hibernate.SQL                        : 
    select
        mc1_0.id,
        mc1_0.api_key,
        mc1_0.endpoint,
        mc1_0.name,
        mc1_0.provider,
        mc1_0.remark,
        mc1_0.status,
        mc1_0.type,
        mc1_0.update_time 
    from
        model_config mc1_0
2026-03-12T08:34:20.925+08:00 DEBUG 2232114 --- [process-agent-backend] [0.0-8055-exec-6] org.hibernate.SQL                        : 
    select
        ki1_0.id,
        ki1_0.category,
        ki1_0.name,
        ki1_0.status,
        ki1_0.type,
        ki1_0.update_time,
        ki1_0.version 
    from
        knowledge_item ki1_0
2026-03-12T08:34:20.925+08:00 DEBUG 2232114 --- [process-agent-backend] [0.0-8055-exec-5] org.hibernate.SQL                        : 
    select
        mc1_0.id,
        mc1_0.api_key,
        mc1_0.endpoint,
        mc1_0.name,
        mc1_0.provider,
        mc1_0.remark,
        mc1_0.status,
        mc1_0.type,
        mc1_0.update_time 
    from
        model_config mc1_0
2026-03-12T08:34:27.555+08:00 DEBUG 2232114 --- [process-agent-backend] [0.0-8055-exec-7] org.hibernate.SQL                        : 
    select
        aa1_0.id,
        aa1_0.app_type,
        aa1_0.create_time,
        aa1_0.description,
        aa1_0.name,
        aa1_0.public_url,
        aa1_0.publish_time,
        aa1_0.status,
        aa1_0.update_time,
        aa1_0.workflow_json 
    from
        agent_app aa1_0
2026-03-12T08:34:44.071+08:00 DEBUG 2232114 --- [process-agent-backend] [0.0-8055-exec-8] org.hibernate.SQL                        : 
    select
        aa1_0.id,
        aa1_0.app_type,
        aa1_0.create_time,
        aa1_0.description,
        aa1_0.name,
        aa1_0.public_url,
        aa1_0.publish_time,
        aa1_0.status,
        aa1_0.update_time,
        aa1_0.workflow_json 
    from
        agent_app aa1_0
2026-03-12T08:34:46.300+08:00 DEBUG 2232114 --- [process-agent-backend] [0.0-8055-exec-9] org.hibernate.SQL                        : 
    select
        aa1_0.id,
        aa1_0.app_type,
        aa1_0.create_time,
        aa1_0.description,
        aa1_0.name,
        aa1_0.public_url,
        aa1_0.publish_time,
        aa1_0.status,
        aa1_0.update_time,
        aa1_0.workflow_json 
    from
        agent_app aa1_0
2026-03-12T08:34:48.078+08:00 DEBUG 2232114 --- [process-agent-backend] [.0-8055-exec-10] org.hibernate.SQL                        : 
    select
        aa1_0.id,
        aa1_0.app_type,
        aa1_0.create_time,
        aa1_0.description,
        aa1_0.name,
        aa1_0.public_url,
        aa1_0.publish_time,
        aa1_0.status,
        aa1_0.update_time,
        aa1_0.workflow_json 
    from
        agent_app aa1_0
2026-03-12T08:34:55.131+08:00 DEBUG 2232114 --- [process-agent-backend] [0.0-8055-exec-1] org.hibernate.SQL                        : 
    select
        aa1_0.id,
        aa1_0.app_type,
        aa1_0.create_time,
        aa1_0.description,
        aa1_0.name,
        aa1_0.public_url,
        aa1_0.publish_time,
        aa1_0.status,
        aa1_0.update_time,
        aa1_0.workflow_json 
    from
        agent_app aa1_0
2026-03-12T08:35:01.439+08:00 DEBUG 2232114 --- [process-agent-backend] [0.0-8055-exec-2] org.hibernate.SQL                        : 
    select
        aa1_0.id,
        aa1_0.app_type,
        aa1_0.create_time,
        aa1_0.description,
        aa1_0.name,
        aa1_0.public_url,
        aa1_0.publish_time,
        aa1_0.status,
        aa1_0.update_time,
        aa1_0.workflow_json 
    from
        agent_app aa1_0
2026-03-12T08:35:10.196+08:00 DEBUG 2232114 --- [process-agent-backend] [0.0-8055-exec-3] org.hibernate.SQL                        : 
    select
        aa1_0.id,
        aa1_0.app_type,
        aa1_0.create_time,
        aa1_0.description,
        aa1_0.name,
        aa1_0.public_url,
        aa1_0.publish_time,
        aa1_0.status,
        aa1_0.update_time,
        aa1_0.workflow_json 
    from
        agent_app aa1_0
2026-03-12T08:35:13.522+08:00 DEBUG 2232114 --- [process-agent-backend] [0.0-8055-exec-5] org.hibernate.SQL                        : 
    select
        ki1_0.id,
        ki1_0.category,
        ki1_0.name,
        ki1_0.status,
        ki1_0.type,
        ki1_0.update_time,
        ki1_0.version 
    from
        knowledge_item ki1_0
2026-03-12T08:35:13.523+08:00 DEBUG 2232114 --- [process-agent-backend] [0.0-8055-exec-4] org.hibernate.SQL                        : 
    select
        mc1_0.id,
        mc1_0.api_key,
        mc1_0.endpoint,
        mc1_0.name,
        mc1_0.provider,
        mc1_0.remark,
        mc1_0.status,
        mc1_0.type,
        mc1_0.update_time 
    from
        model_config mc1_0
2026-03-12T08:35:14.827+08:00 DEBUG 2232114 --- [process-agent-backend] [0.0-8055-exec-6] org.hibernate.SQL                        : 
    select
        mc1_0.id,
        mc1_0.api_key,
        mc1_0.endpoint,
        mc1_0.name,
        mc1_0.provider,
        mc1_0.remark,
        mc1_0.status,
        mc1_0.type,
        mc1_0.update_time 
    from
        model_config mc1_0
2026-03-12T08:35:15.845+08:00 DEBUG 2232114 --- [process-agent-backend] [0.0-8055-exec-7] org.hibernate.SQL                        : 
    select
        rc1_0.id,
        rc1_0.logic_output,
        rc1_0.name,
        rc1_0.natural_language,
        rc1_0.status,
        rc1_0.update_time 
    from
        rule_config rc1_0
2026-03-12T08:35:16.495+08:00 DEBUG 2232114 --- [process-agent-backend] [0.0-8055-exec-8] org.hibernate.SQL                        : 
    select
        aa1_0.id,
        aa1_0.app_type,
        aa1_0.create_time,
        aa1_0.description,
        aa1_0.name,
        aa1_0.public_url,
        aa1_0.publish_time,
        aa1_0.status,
        aa1_0.update_time,
        aa1_0.workflow_json 
    from
        agent_app aa1_0
2026-03-12T08:36:18.299+08:00 DEBUG 2232114 --- [process-agent-backend] [0.0-8055-exec-9] org.hibernate.SQL                        : 
    select
        it1_0.id,
        it1_0.create_time,
        it1_0.end_time,
        it1_0.name,
        it1_0.progress,
        it1_0.run_time_seconds,
        it1_0.start_time,
        it1_0.status,
        it1_0.task_system 
    from
        integration_task it1_0
2026-03-12T08:36:23.688+08:00 DEBUG 2232114 --- [process-agent-backend] [.0-8055-exec-10] org.hibernate.SQL                        : 
    insert 
    into
        integration_task
        (create_time, end_time, name, progress, run_time_seconds, start_time, status, task_system) 
    values
        (?, ?, ?, ?, ?, ?, ?, ?)
2026-03-12T08:36:23.726+08:00 DEBUG 2232114 --- [process-agent-backend] [0.0-8055-exec-1] org.hibernate.SQL                        : 
    select
        it1_0.id,
        it1_0.create_time,
        it1_0.end_time,
        it1_0.name,
        it1_0.progress,
        it1_0.run_time_seconds,
        it1_0.start_time,
        it1_0.status,
        it1_0.task_system 
    from
        integration_task it1_0
2026-03-12T08:36:31.456+08:00 DEBUG 2232114 --- [process-agent-backend] [0.0-8055-exec-2] org.hibernate.SQL                        : 
    select
        aa1_0.id,
        aa1_0.app_type,
        aa1_0.create_time,
        aa1_0.description,
        aa1_0.name,
        aa1_0.public_url,
        aa1_0.publish_time,
        aa1_0.status,
        aa1_0.update_time,
        aa1_0.workflow_json 
    from
        agent_app aa1_0
2026-03-12T08:38:58.095+08:00 DEBUG 2232114 --- [process-agent-backend] [0.0-8055-exec-3] org.hibernate.SQL                        : 
    select
        aa1_0.id,
        aa1_0.app_type,
        aa1_0.create_time,
        aa1_0.description,
        aa1_0.name,
        aa1_0.public_url,
        aa1_0.publish_time,
        aa1_0.status,
        aa1_0.update_time,
        aa1_0.workflow_json 
    from
        agent_app aa1_0
2026-03-12T08:39:00.000+08:00 DEBUG 2232114 --- [process-agent-backend] [0.0-8055-exec-4] org.hibernate.SQL                        : 
    select
        ki1_0.id,
        ki1_0.category,
        ki1_0.name,
        ki1_0.status,
        ki1_0.type,
        ki1_0.update_time,
        ki1_0.version 
    from
        knowledge_item ki1_0
2026-03-12T08:39:00.000+08:00 DEBUG 2232114 --- [process-agent-backend] [0.0-8055-exec-5] org.hibernate.SQL                        : 
    select
        mc1_0.id,
        mc1_0.api_key,
        mc1_0.endpoint,
        mc1_0.name,
        mc1_0.provider,
        mc1_0.remark,
        mc1_0.status,
        mc1_0.type,
        mc1_0.update_time 
    from
        model_config mc1_0
2026-03-12T08:39:00.048+08:00 DEBUG 2232114 --- [process-agent-backend] [0.0-8055-exec-6] org.hibernate.SQL                        : 
    select
        aa1_0.id,
        aa1_0.app_type,
        aa1_0.create_time,
        aa1_0.description,
        aa1_0.name,
        aa1_0.public_url,
        aa1_0.publish_time,
        aa1_0.status,
        aa1_0.update_time,
        aa1_0.workflow_json 
    from
        agent_app aa1_0 
    where
        aa1_0.id=?
2026-03-12T08:39:02.681+08:00 DEBUG 2232114 --- [process-agent-backend] [0.0-8055-exec-7] org.hibernate.SQL                        : 
    select
        aa1_0.id,
        aa1_0.app_type,
        aa1_0.create_time,
        aa1_0.description,
        aa1_0.name,
        aa1_0.public_url,
        aa1_0.publish_time,
        aa1_0.status,
        aa1_0.update_time,
        aa1_0.workflow_json 
    from
        agent_app aa1_0 
    where
        aa1_0.id=?
2026-03-12T08:39:02.689+08:00 DEBUG 2232114 --- [process-agent-backend] [0.0-8055-exec-7] org.hibernate.SQL                        : 
    select
        aa1_0.id,
        aa1_0.app_type,
        aa1_0.create_time,
        aa1_0.description,
        aa1_0.name,
        aa1_0.public_url,
        aa1_0.publish_time,
        aa1_0.status,
        aa1_0.update_time,
        aa1_0.workflow_json 
    from
        agent_app aa1_0 
    where
        aa1_0.id=?
2026-03-12T08:39:02.700+08:00 DEBUG 2232114 --- [process-agent-backend] [0.0-8055-exec-7] org.hibernate.SQL                        : 
    update
        agent_app 
    set
        app_type=?,
        create_time=?,
        description=?,
        name=?,
        public_url=?,
        publish_time=?,
        status=?,
        update_time=?,
        workflow_json=? 
    where
        id=?
2026-03-12T08:39:04.418+08:00 DEBUG 2232114 --- [process-agent-backend] [0.0-8055-exec-8] org.hibernate.SQL                        : 
    select
        aa1_0.id,
        aa1_0.app_type,
        aa1_0.create_time,
        aa1_0.description,
        aa1_0.name,
        aa1_0.public_url,
        aa1_0.publish_time,
        aa1_0.status,
        aa1_0.update_time,
        aa1_0.workflow_json 
    from
        agent_app aa1_0 
    where
        aa1_0.id=?
2026-03-12T08:39:04.423+08:00 DEBUG 2232114 --- [process-agent-backend] [0.0-8055-exec-8] org.hibernate.SQL                        : 
    select
        aa1_0.id,
        aa1_0.app_type,
        aa1_0.create_time,
        aa1_0.description,
        aa1_0.name,
        aa1_0.public_url,
        aa1_0.publish_time,
        aa1_0.status,
        aa1_0.update_time,
        aa1_0.workflow_json 
    from
        agent_app aa1_0 
    where
        aa1_0.id=?
2026-03-12T08:39:04.426+08:00 DEBUG 2232114 --- [process-agent-backend] [0.0-8055-exec-8] org.hibernate.SQL                        : 
    update
        agent_app 
    set
        app_type=?,
        create_time=?,
        description=?,
        name=?,
        public_url=?,
        publish_time=?,
        status=?,
        update_time=?,
        workflow_json=? 
    where
        id=?
2026-03-12T08:39:05.255+08:00 DEBUG 2232114 --- [process-agent-backend] [0.0-8055-exec-9] org.hibernate.SQL                        : 
    select
        aa1_0.id,
        aa1_0.app_type,
        aa1_0.create_time,
        aa1_0.description,
        aa1_0.name,
        aa1_0.public_url,
        aa1_0.publish_time,
        aa1_0.status,
        aa1_0.update_time,
        aa1_0.workflow_json 
    from
        agent_app aa1_0 
    where
        aa1_0.id=?
2026-03-12T08:39:05.261+08:00 DEBUG 2232114 --- [process-agent-backend] [0.0-8055-exec-9] org.hibernate.SQL                        : 
    select
        aa1_0.id,
        aa1_0.app_type,
        aa1_0.create_time,
        aa1_0.description,
        aa1_0.name,
        aa1_0.public_url,
        aa1_0.publish_time,
        aa1_0.status,
        aa1_0.update_time,
        aa1_0.workflow_json 
    from
        agent_app aa1_0 
    where
        aa1_0.id=?
2026-03-12T08:39:05.264+08:00 DEBUG 2232114 --- [process-agent-backend] [0.0-8055-exec-9] org.hibernate.SQL                        : 
    update
        agent_app 
    set
        app_type=?,
        create_time=?,
        description=?,
        name=?,
        public_url=?,
        publish_time=?,
        status=?,
        update_time=?,
        workflow_json=? 
    where
        id=?
2026-03-12T08:39:06.271+08:00 DEBUG 2232114 --- [process-agent-backend] [.0-8055-exec-10] org.hibernate.SQL                        : 
    select
        aa1_0.id,
        aa1_0.app_type,
        aa1_0.create_time,
        aa1_0.description,
        aa1_0.name,
        aa1_0.public_url,
        aa1_0.publish_time,
        aa1_0.status,
        aa1_0.update_time,
        aa1_0.workflow_json 
    from
        agent_app aa1_0 
    where
        aa1_0.id=?
2026-03-12T08:39:06.275+08:00 DEBUG 2232114 --- [process-agent-backend] [.0-8055-exec-10] org.hibernate.SQL                        : 
    select
        aa1_0.id,
        aa1_0.app_type,
        aa1_0.create_time,
        aa1_0.description,
        aa1_0.name,
        aa1_0.public_url,
        aa1_0.publish_time,
        aa1_0.status,
        aa1_0.update_time,
        aa1_0.workflow_json 
    from
        agent_app aa1_0 
    where
        aa1_0.id=?
2026-03-12T08:39:06.278+08:00 DEBUG 2232114 --- [process-agent-backend] [.0-8055-exec-10] org.hibernate.SQL                        : 
    update
        agent_app 
    set
        app_type=?,
        create_time=?,
        description=?,
        name=?,
        public_url=?,
        publish_time=?,
        status=?,
        update_time=?,
        workflow_json=? 
    where
        id=?
2026-03-12T08:39:06.917+08:00 DEBUG 2232114 --- [process-agent-backend] [0.0-8055-exec-1] org.hibernate.SQL                        : 
    select
        aa1_0.id,
        aa1_0.app_type,
        aa1_0.create_time,
        aa1_0.description,
        aa1_0.name,
        aa1_0.public_url,
        aa1_0.publish_time,
        aa1_0.status,
        aa1_0.update_time,
        aa1_0.workflow_json 
    from
        agent_app aa1_0 
    where
        aa1_0.id=?
2026-03-12T08:39:06.920+08:00 DEBUG 2232114 --- [process-agent-backend] [0.0-8055-exec-1] org.hibernate.SQL                        : 
    select
        aa1_0.id,
        aa1_0.app_type,
        aa1_0.create_time,
        aa1_0.description,
        aa1_0.name,
        aa1_0.public_url,
        aa1_0.publish_time,
        aa1_0.status,
        aa1_0.update_time,
        aa1_0.workflow_json 
    from
        agent_app aa1_0 
    where
        aa1_0.id=?
2026-03-12T08:39:06.923+08:00 DEBUG 2232114 --- [process-agent-backend] [0.0-8055-exec-1] org.hibernate.SQL                        : 
    update
        agent_app 
    set
        app_type=?,
        create_time=?,
        description=?,
        name=?,
        public_url=?,
        publish_time=?,
        status=?,
        update_time=?,
        workflow_json=? 
    where
        id=?
2026-03-12T08:39:07.603+08:00 DEBUG 2232114 --- [process-agent-backend] [0.0-8055-exec-2] org.hibernate.SQL                        : 
    select
        aa1_0.id,
        aa1_0.app_type,
        aa1_0.create_time,
        aa1_0.description,
        aa1_0.name,
        aa1_0.public_url,
        aa1_0.publish_time,
        aa1_0.status,
        aa1_0.update_time,
        aa1_0.workflow_json 
    from
        agent_app aa1_0 
    where
        aa1_0.id=?
2026-03-12T08:39:07.608+08:00 DEBUG 2232114 --- [process-agent-backend] [0.0-8055-exec-2] org.hibernate.SQL                        : 
    select
        aa1_0.id,
        aa1_0.app_type,
        aa1_0.create_time,
        aa1_0.description,
        aa1_0.name,
        aa1_0.public_url,
        aa1_0.publish_time,
        aa1_0.status,
        aa1_0.update_time,
        aa1_0.workflow_json 
    from
        agent_app aa1_0 
    where
        aa1_0.id=?
2026-03-12T08:39:07.611+08:00 DEBUG 2232114 --- [process-agent-backend] [0.0-8055-exec-2] org.hibernate.SQL                        : 
    update
        agent_app 
    set
        app_type=?,
        create_time=?,
        description=?,
        name=?,
        public_url=?,
        publish_time=?,
        status=?,
        update_time=?,
        workflow_json=? 
    where
        id=?
2026-03-12T08:39:07.665+08:00 DEBUG 2232114 --- [process-agent-backend] [0.0-8055-exec-3] org.hibernate.SQL                        : 
    select
        tc1_0.id,
        tc1_0.description,
        tc1_0.endpoint,
        tc1_0.name,
        tc1_0.status,
        tc1_0.type,
        tc1_0.update_time 
    from
        tool_config tc1_0
2026-03-12T08:39:09.288+08:00 DEBUG 2232114 --- [process-agent-backend] [0.0-8055-exec-4] org.hibernate.SQL                        : 
    select
        aa1_0.id,
        aa1_0.app_type,
        aa1_0.create_time,
        aa1_0.description,
        aa1_0.name,
        aa1_0.public_url,
        aa1_0.publish_time,
        aa1_0.status,
        aa1_0.update_time,
        aa1_0.workflow_json 
    from
        agent_app aa1_0 
    where
        aa1_0.id=?
2026-03-12T08:39:09.294+08:00 DEBUG 2232114 --- [process-agent-backend] [0.0-8055-exec-4] org.hibernate.SQL                        : 
    select
        aa1_0.id,
        aa1_0.app_type,
        aa1_0.create_time,
        aa1_0.description,
        aa1_0.name,
        aa1_0.public_url,
        aa1_0.publish_time,
        aa1_0.status,
        aa1_0.update_time,
        aa1_0.workflow_json 
    from
        agent_app aa1_0 
    where
        aa1_0.id=?
2026-03-12T08:39:09.303+08:00 DEBUG 2232114 --- [process-agent-backend] [0.0-8055-exec-4] org.hibernate.SQL                        : 
    update
        agent_app 
    set
        app_type=?,
        create_time=?,
        description=?,
        name=?,
        public_url=?,
        publish_time=?,
        status=?,
        update_time=?,
        workflow_json=? 
    where
        id=?
2026-03-12T08:39:10.330+08:00 DEBUG 2232114 --- [process-agent-backend] [0.0-8055-exec-5] org.hibernate.SQL                        : 
    select
        aa1_0.id,
        aa1_0.app_type,
        aa1_0.create_time,
        aa1_0.description,
        aa1_0.name,
        aa1_0.public_url,
        aa1_0.publish_time,
        aa1_0.status,
        aa1_0.update_time,
        aa1_0.workflow_json 
    from
        agent_app aa1_0 
    where
        aa1_0.id=?
2026-03-12T08:39:10.669+08:00 DEBUG 2232114 --- [process-agent-backend] [0.0-8055-exec-6] org.hibernate.SQL                        : 
    select
        tc1_0.id,
        tc1_0.description,
        tc1_0.endpoint,
        tc1_0.name,
        tc1_0.status,
        tc1_0.type,
        tc1_0.update_time 
    from
        tool_config tc1_0
2026-03-12T08:39:11.704+08:00 DEBUG 2232114 --- [process-agent-backend] [0.0-8055-exec-5] org.hibernate.SQL                        : 
    select
        aa1_0.id,
        aa1_0.app_type,
        aa1_0.create_time,
        aa1_0.description,
        aa1_0.name,
        aa1_0.public_url,
        aa1_0.publish_time,
        aa1_0.status,
        aa1_0.update_time,
        aa1_0.workflow_json 
    from
        agent_app aa1_0 
    where
        aa1_0.id=?
2026-03-12T08:39:11.707+08:00 DEBUG 2232114 --- [process-agent-backend] [0.0-8055-exec-5] org.hibernate.SQL                        : 
    update
        agent_app 
    set
        app_type=?,
        create_time=?,
        description=?,
        name=?,
        public_url=?,
        publish_time=?,
        status=?,
        update_time=?,
        workflow_json=? 
    where
        id=?
2026-03-12T08:39:14.930+08:00 DEBUG 2232114 --- [process-agent-backend] [0.0-8055-exec-7] org.hibernate.SQL                        : 
    select
        aa1_0.id,
        aa1_0.app_type,
        aa1_0.create_time,
        aa1_0.description,
        aa1_0.name,
        aa1_0.public_url,
        aa1_0.publish_time,
        aa1_0.status,
        aa1_0.update_time,
        aa1_0.workflow_json 
    from
        agent_app aa1_0 
    where
        aa1_0.id=?
2026-03-12T08:39:14.934+08:00 DEBUG 2232114 --- [process-agent-backend] [0.0-8055-exec-7] org.hibernate.SQL                        : 
    select
        aa1_0.id,
        aa1_0.app_type,
        aa1_0.create_time,
        aa1_0.description,
        aa1_0.name,
        aa1_0.public_url,
        aa1_0.publish_time,
        aa1_0.status,
        aa1_0.update_time,
        aa1_0.workflow_json 
    from
        agent_app aa1_0 
    where
        aa1_0.id=?
2026-03-12T08:39:14.937+08:00 DEBUG 2232114 --- [process-agent-backend] [0.0-8055-exec-7] org.hibernate.SQL                        : 
    update
        agent_app 
    set
        app_type=?,
        create_time=?,
        description=?,
        name=?,
        public_url=?,
        publish_time=?,
        status=?,
        update_time=?,
        workflow_json=? 
    where
        id=?
2026-03-12T08:49:23.393+08:00 DEBUG 2232114 --- [process-agent-backend] [0.0-8055-exec-8] org.hibernate.SQL                        : 
    select
        mc1_0.id,
        mc1_0.api_key,
        mc1_0.endpoint,
        mc1_0.name,
        mc1_0.provider,
        mc1_0.remark,
        mc1_0.status,
        mc1_0.type,
        mc1_0.update_time 
    from
        model_config mc1_0
2026-03-12T08:49:23.393+08:00 DEBUG 2232114 --- [process-agent-backend] [0.0-8055-exec-9] org.hibernate.SQL                        : 
    select
        ki1_0.id,
        ki1_0.category,
        ki1_0.name,
        ki1_0.status,
        ki1_0.type,
        ki1_0.update_time,
        ki1_0.version 
    from
        knowledge_item ki1_0
2026-03-12T08:49:23.405+08:00 DEBUG 2232114 --- [process-agent-backend] [.0-8055-exec-10] org.hibernate.SQL                        : 
    select
        aa1_0.id,
        aa1_0.app_type,
        aa1_0.create_time,
        aa1_0.description,
        aa1_0.name,
        aa1_0.public_url,
        aa1_0.publish_time,
        aa1_0.status,
        aa1_0.update_time,
        aa1_0.workflow_json 
    from
        agent_app aa1_0 
    where
        aa1_0.id=?
2026-03-12T08:49:36.388+08:00 DEBUG 2232114 --- [process-agent-backend] [0.0-8055-exec-2] org.hibernate.SQL                        : 
    select
        ki1_0.id,
        ki1_0.category,
        ki1_0.name,
        ki1_0.status,
        ki1_0.type,
        ki1_0.update_time,
        ki1_0.version 
    from
        knowledge_item ki1_0
2026-03-12T08:49:36.389+08:00 DEBUG 2232114 --- [process-agent-backend] [0.0-8055-exec-1] org.hibernate.SQL                        : 
    select
        mc1_0.id,
        mc1_0.api_key,
        mc1_0.endpoint,
        mc1_0.name,
        mc1_0.provider,
        mc1_0.remark,
        mc1_0.status,
        mc1_0.type,
        mc1_0.update_time 
    from
        model_config mc1_0
2026-03-12T08:49:36.403+08:00 DEBUG 2232114 --- [process-agent-backend] [0.0-8055-exec-3] org.hibernate.SQL                        : 
    select
        aa1_0.id,
        aa1_0.app_type,
        aa1_0.create_time,
        aa1_0.description,
        aa1_0.name,
        aa1_0.public_url,
        aa1_0.publish_time,
        aa1_0.status,
        aa1_0.update_time,
        aa1_0.workflow_json 
    from
        agent_app aa1_0 
    where
        aa1_0.id=?
2026-03-12T08:49:44.880+08:00 DEBUG 2232114 --- [process-agent-backend] [0.0-8055-exec-4] org.hibernate.SQL                        : 
    select
        mc1_0.id,
        mc1_0.api_key,
        mc1_0.endpoint,
        mc1_0.name,
        mc1_0.provider,
        mc1_0.remark,
        mc1_0.status,
        mc1_0.type,
        mc1_0.update_time 
    from
        model_config mc1_0
2026-03-12T08:49:44.880+08:00 DEBUG 2232114 --- [process-agent-backend] [0.0-8055-exec-6] org.hibernate.SQL                        : 
    select
        ki1_0.id,
        ki1_0.category,
        ki1_0.name,
        ki1_0.status,
        ki1_0.type,
        ki1_0.update_time,
        ki1_0.version 
    from
        knowledge_item ki1_0
2026-03-12T08:49:44.891+08:00 DEBUG 2232114 --- [process-agent-backend] [0.0-8055-exec-5] org.hibernate.SQL                        : 
    select
        aa1_0.id,
        aa1_0.app_type,
        aa1_0.create_time,
        aa1_0.description,
        aa1_0.name,
        aa1_0.public_url,
        aa1_0.publish_time,
        aa1_0.status,
        aa1_0.update_time,
        aa1_0.workflow_json 
    from
        agent_app aa1_0 
    where
        aa1_0.id=?
2026-03-12T08:49:46.883+08:00 DEBUG 2232114 --- [process-agent-backend] [0.0-8055-exec-8] org.hibernate.SQL                        : 
    select
        ki1_0.id,
        ki1_0.category,
        ki1_0.name,
        ki1_0.status,
        ki1_0.type,
        ki1_0.update_time,
        ki1_0.version 
    from
        knowledge_item ki1_0
2026-03-12T08:49:46.883+08:00 DEBUG 2232114 --- [process-agent-backend] [0.0-8055-exec-7] org.hibernate.SQL                        : 
    select
        mc1_0.id,
        mc1_0.api_key,
        mc1_0.endpoint,
        mc1_0.name,
        mc1_0.provider,
        mc1_0.remark,
        mc1_0.status,
        mc1_0.type,
        mc1_0.update_time 
    from
        model_config mc1_0
2026-03-12T08:49:46.903+08:00 DEBUG 2232114 --- [process-agent-backend] [0.0-8055-exec-9] org.hibernate.SQL                        : 
    select
        aa1_0.id,
        aa1_0.app_type,
        aa1_0.create_time,
        aa1_0.description,
        aa1_0.name,
        aa1_0.public_url,
        aa1_0.publish_time,
        aa1_0.status,
        aa1_0.update_time,
        aa1_0.workflow_json 
    from
        agent_app aa1_0 
    where
        aa1_0.id=?
2026-03-12T08:51:05.870+08:00 DEBUG 2232114 --- [process-agent-backend] [0.0-8055-exec-2] org.hibernate.SQL                        : 
    select
        ki1_0.id,
        ki1_0.category,
        ki1_0.name,
        ki1_0.status,
        ki1_0.type,
        ki1_0.update_time,
        ki1_0.version 
    from
        knowledge_item ki1_0
2026-03-12T08:51:05.870+08:00 DEBUG 2232114 --- [process-agent-backend] [.0-8055-exec-10] org.hibernate.SQL                        : 
    select
        mc1_0.id,
        mc1_0.api_key,
        mc1_0.endpoint,
        mc1_0.name,
        mc1_0.provider,
        mc1_0.remark,
        mc1_0.status,
        mc1_0.type,
        mc1_0.update_time 
    from
        model_config mc1_0
2026-03-12T08:51:05.882+08:00 DEBUG 2232114 --- [process-agent-backend] [0.0-8055-exec-1] org.hibernate.SQL                        : 
    select
        aa1_0.id,
        aa1_0.app_type,
        aa1_0.create_time,
        aa1_0.description,
        aa1_0.name,
        aa1_0.public_url,
        aa1_0.publish_time,
        aa1_0.status,
        aa1_0.update_time,
        aa1_0.workflow_json 
    from
        agent_app aa1_0 
    where
        aa1_0.id=?
2026-03-12T08:52:01.307+08:00 DEBUG 2232114 --- [process-agent-backend] [0.0-8055-exec-3] org.hibernate.SQL                        : 
    select
        aa1_0.id,
        aa1_0.app_type,
        aa1_0.create_time,
        aa1_0.description,
        aa1_0.name,
        aa1_0.public_url,
        aa1_0.publish_time,
        aa1_0.status,
        aa1_0.update_time,
        aa1_0.workflow_json 
    from
        agent_app aa1_0 
    where
        aa1_0.id=?
2026-03-12T08:52:01.311+08:00 DEBUG 2232114 --- [process-agent-backend] [0.0-8055-exec-3] org.hibernate.SQL                        : 
    select
        aa1_0.id,
        aa1_0.app_type,
        aa1_0.create_time,
        aa1_0.description,
        aa1_0.name,
        aa1_0.public_url,
        aa1_0.publish_time,
        aa1_0.status,
        aa1_0.update_time,
        aa1_0.workflow_json 
    from
        agent_app aa1_0 
    where
        aa1_0.id=?
2026-03-12T08:52:01.315+08:00 DEBUG 2232114 --- [process-agent-backend] [0.0-8055-exec-3] org.hibernate.SQL                        : 
    update
        agent_app 
    set
        app_type=?,
        create_time=?,
        description=?,
        name=?,
        public_url=?,
        publish_time=?,
        status=?,
        update_time=?,
        workflow_json=? 
    where
        id=?
2026-03-12T08:52:02.309+08:00 DEBUG 2232114 --- [process-agent-backend] [0.0-8055-exec-6] org.hibernate.SQL                        : 
    select
        aa1_0.id,
        aa1_0.app_type,
        aa1_0.create_time,
        aa1_0.description,
        aa1_0.name,
        aa1_0.public_url,
        aa1_0.publish_time,
        aa1_0.status,
        aa1_0.update_time,
        aa1_0.workflow_json 
    from
        agent_app aa1_0 
    where
        aa1_0.id=?
2026-03-12T08:52:02.313+08:00 DEBUG 2232114 --- [process-agent-backend] [0.0-8055-exec-6] org.hibernate.SQL                        : 
    select
        aa1_0.id,
        aa1_0.app_type,
        aa1_0.create_time,
        aa1_0.description,
        aa1_0.name,
        aa1_0.public_url,
        aa1_0.publish_time,
        aa1_0.status,
        aa1_0.update_time,
        aa1_0.workflow_json 
    from
        agent_app aa1_0 
    where
        aa1_0.id=?
2026-03-12T08:52:02.316+08:00 DEBUG 2232114 --- [process-agent-backend] [0.0-8055-exec-6] org.hibernate.SQL                        : 
    update
        agent_app 
    set
        app_type=?,
        create_time=?,
        description=?,
        name=?,
        public_url=?,
        publish_time=?,
        status=?,
        update_time=?,
        workflow_json=? 
    where
        id=?
2026-03-12T08:52:04.053+08:00 DEBUG 2232114 --- [process-agent-backend] [0.0-8055-exec-4] org.hibernate.SQL                        : 
    select
        tc1_0.id,
        tc1_0.description,
        tc1_0.endpoint,
        tc1_0.name,
        tc1_0.status,
        tc1_0.type,
        tc1_0.update_time 
    from
        tool_config tc1_0
2026-03-12T08:52:05.099+08:00 DEBUG 2232114 --- [process-agent-backend] [0.0-8055-exec-5] org.hibernate.SQL                        : 
    select
        rc1_0.id,
        rc1_0.logic_output,
        rc1_0.name,
        rc1_0.natural_language,
        rc1_0.status,
        rc1_0.update_time 
    from
        rule_config rc1_0
2026-03-12T08:52:05.826+08:00 DEBUG 2232114 --- [process-agent-backend] [0.0-8055-exec-8] org.hibernate.SQL                        : 
    select
        mc1_0.id,
        mc1_0.api_key,
        mc1_0.endpoint,
        mc1_0.name,
        mc1_0.provider,
        mc1_0.remark,
        mc1_0.status,
        mc1_0.type,
        mc1_0.update_time 
    from
        model_config mc1_0
2026-03-12T08:52:05.826+08:00 DEBUG 2232114 --- [process-agent-backend] [0.0-8055-exec-7] org.hibernate.SQL                        : 
    select
        ki1_0.id,
        ki1_0.category,
        ki1_0.name,
        ki1_0.status,
        ki1_0.type,
        ki1_0.update_time,
        ki1_0.version 
    from
        knowledge_item ki1_0
2026-03-12T08:52:07.917+08:00 DEBUG 2232114 --- [process-agent-backend] [0.0-8055-exec-9] org.hibernate.SQL                        : 
    select
        tc1_0.id,
        tc1_0.description,
        tc1_0.endpoint,
        tc1_0.name,
        tc1_0.status,
        tc1_0.type,
        tc1_0.update_time 
    from
        tool_config tc1_0
2026-03-12T08:52:32.874+08:00 DEBUG 2232114 --- [process-agent-backend] [.0-8055-exec-10] org.hibernate.SQL                        : 
    select
        mc1_0.id,
        mc1_0.api_key,
        mc1_0.endpoint,
        mc1_0.name,
        mc1_0.provider,
        mc1_0.remark,
        mc1_0.status,
        mc1_0.type,
        mc1_0.update_time 
    from
        model_config mc1_0
2026-03-12T08:52:32.874+08:00 DEBUG 2232114 --- [process-agent-backend] [0.0-8055-exec-2] org.hibernate.SQL                        : 
    select
        ki1_0.id,
        ki1_0.category,
        ki1_0.name,
        ki1_0.status,
        ki1_0.type,
        ki1_0.update_time,
        ki1_0.version 
    from
        knowledge_item ki1_0
2026-03-12T08:53:31.026+08:00 DEBUG 2232114 --- [process-agent-backend] [0.0-8055-exec-1] org.hibernate.SQL                        : 
    select
        mc1_0.id,
        mc1_0.api_key,
        mc1_0.endpoint,
        mc1_0.name,
        mc1_0.provider,
        mc1_0.remark,
        mc1_0.status,
        mc1_0.type,
        mc1_0.update_time 
    from
        model_config mc1_0
2026-03-12T08:53:31.027+08:00 DEBUG 2232114 --- [process-agent-backend] [0.0-8055-exec-3] org.hibernate.SQL                        : 
    select
        ki1_0.id,
        ki1_0.category,
        ki1_0.name,
        ki1_0.status,
        ki1_0.type,
        ki1_0.update_time,
        ki1_0.version 
    from
        knowledge_item ki1_0
2026-03-12T08:53:43.318+08:00 DEBUG 2232114 --- [process-agent-backend] [0.0-8055-exec-6] org.hibernate.SQL                        : 
    select
        tc1_0.id,
        tc1_0.description,
        tc1_0.endpoint,
        tc1_0.name,
        tc1_0.status,
        tc1_0.type,
        tc1_0.update_time 
    from
        tool_config tc1_0
2026-03-12T08:53:46.264+08:00 DEBUG 2232114 --- [process-agent-backend] [0.0-8055-exec-4] org.hibernate.SQL                        : 
    select
        mc1_0.id,
        mc1_0.api_key,
        mc1_0.endpoint,
        mc1_0.name,
        mc1_0.provider,
        mc1_0.remark,
        mc1_0.status,
        mc1_0.type,
        mc1_0.update_time 
    from
        model_config mc1_0
2026-03-12T08:53:47.080+08:00 DEBUG 2232114 --- [process-agent-backend] [0.0-8055-exec-5] org.hibernate.SQL                        : 
    select
        aa1_0.id,
        aa1_0.app_type,
        aa1_0.create_time,
        aa1_0.description,
        aa1_0.name,
        aa1_0.public_url,
        aa1_0.publish_time,
        aa1_0.status,
        aa1_0.update_time,
        aa1_0.workflow_json 
    from
        agent_app aa1_0
2026-03-12T08:53:48.853+08:00 DEBUG 2232114 --- [process-agent-backend] [0.0-8055-exec-7] org.hibernate.SQL                        : 
    select
        ue1_0.id,
        ue1_0.contact,
        ue1_0.dept,
        ue1_0.employee_no,
        ue1_0.job_title,
        ue1_0.last_login,
        ue1_0.login_time,
        ue1_0.logout_time,
        ue1_0.personnel_category,
        ue1_0.position_type,
        ue1_0.real_name,
        ue1_0.role_id,
        ue1_0.status,
        ue1_0.username 
    from
        sys_user ue1_0
2026-03-12T08:53:48.854+08:00 DEBUG 2232114 --- [process-agent-backend] [0.0-8055-exec-8] org.hibernate.SQL                        : 
    select
        re1_0.id,
        re1_0.code,
        re1_0.description,
        re1_0.name,
        re1_0.permission_count 
    from
        sys_role re1_0
2026-03-12T08:53:48.857+08:00 DEBUG 2232114 --- [process-agent-backend] [0.0-8055-exec-7] org.hibernate.SQL                        : 
    select
        re1_0.id,
        re1_0.code,
        re1_0.description,
        re1_0.name,
        re1_0.permission_count 
    from
        sys_role re1_0
2026-03-12T08:53:50.990+08:00 DEBUG 2232114 --- [process-agent-backend] [0.0-8055-exec-9] org.hibernate.SQL                        : 
    select
        ki1_0.id,
        ki1_0.category,
        ki1_0.name,
        ki1_0.status,
        ki1_0.type,
        ki1_0.update_time,
        ki1_0.version 
    from
        knowledge_item ki1_0
2026-03-12T08:53:51.908+08:00 DEBUG 2232114 --- [process-agent-backend] [0.0-8055-exec-2] org.hibernate.SQL                        : 
    select
        it1_0.id,
        it1_0.create_time,
        it1_0.end_time,
        it1_0.name,
        it1_0.progress,
        it1_0.run_time_seconds,
        it1_0.start_time,
        it1_0.status,
        it1_0.task_system 
    from
        integration_task it1_0
2026-03-12T08:54:31.205+08:00 DEBUG 2232114 --- [process-agent-backend] [.0-8055-exec-10] org.hibernate.SQL                        : 
    select
        mc1_0.id,
        mc1_0.api_key,
        mc1_0.endpoint,
        mc1_0.name,
        mc1_0.provider,
        mc1_0.remark,
        mc1_0.status,
        mc1_0.type,
        mc1_0.update_time 
    from
        model_config mc1_0
2026-03-12T08:54:31.205+08:00 DEBUG 2232114 --- [process-agent-backend] [0.0-8055-exec-1] org.hibernate.SQL                        : 
    select
        ki1_0.id,
        ki1_0.category,
        ki1_0.name,
        ki1_0.status,
        ki1_0.type,
        ki1_0.update_time,
        ki1_0.version 
    from
        knowledge_item ki1_0
2026-03-12T08:54:32.790+08:00 DEBUG 2232114 --- [process-agent-backend] [0.0-8055-exec-3] org.hibernate.SQL                        : 
    select
        mc1_0.id,
        mc1_0.api_key,
        mc1_0.endpoint,
        mc1_0.name,
        mc1_0.provider,
        mc1_0.remark,
        mc1_0.status,
        mc1_0.type,
        mc1_0.update_time 
    from
        model_config mc1_0
2026-03-12T08:54:33.882+08:00 DEBUG 2232114 --- [process-agent-backend] [0.0-8055-exec-6] org.hibernate.SQL                        : 
    select
        rc1_0.id,
        rc1_0.logic_output,
        rc1_0.name,
        rc1_0.natural_language,
        rc1_0.status,
        rc1_0.update_time 
    from
        rule_config rc1_0
2026-03-12T08:54:35.652+08:00 DEBUG 2232114 --- [process-agent-backend] [0.0-8055-exec-4] org.hibernate.SQL                        : 
    select
        mc1_0.id,
        mc1_0.api_key,
        mc1_0.endpoint,
        mc1_0.name,
        mc1_0.provider,
        mc1_0.remark,
        mc1_0.status,
        mc1_0.type,
        mc1_0.update_time 
    from
        model_config mc1_0
2026-03-12T08:54:36.484+08:00 DEBUG 2232114 --- [process-agent-backend] [0.0-8055-exec-5] org.hibernate.SQL                        : 
    select
        aa1_0.id,
        aa1_0.app_type,
        aa1_0.create_time,
        aa1_0.description,
        aa1_0.name,
        aa1_0.public_url,
        aa1_0.publish_time,
        aa1_0.status,
        aa1_0.update_time,
        aa1_0.workflow_json 
    from
        agent_app aa1_0
2026-03-12T08:54:39.424+08:00 DEBUG 2232114 --- [process-agent-backend] [0.0-8055-exec-8] org.hibernate.SQL                        : 
    select
        mc1_0.id,
        mc1_0.api_key,
        mc1_0.endpoint,
        mc1_0.name,
        mc1_0.provider,
        mc1_0.remark,
        mc1_0.status,
        mc1_0.type,
        mc1_0.update_time 
    from
        model_config mc1_0
2026-03-12T08:54:39.424+08:00 DEBUG 2232114 --- [process-agent-backend] [0.0-8055-exec-7] org.hibernate.SQL                        : 
    select
        ki1_0.id,
        ki1_0.category,
        ki1_0.name,
        ki1_0.status,
        ki1_0.type,
        ki1_0.update_time,
        ki1_0.version 
    from
        knowledge_item ki1_0
2026-03-12T08:54:39.447+08:00 DEBUG 2232114 --- [process-agent-backend] [0.0-8055-exec-9] org.hibernate.SQL                        : 
    select
        aa1_0.id,
        aa1_0.app_type,
        aa1_0.create_time,
        aa1_0.description,
        aa1_0.name,
        aa1_0.public_url,
        aa1_0.publish_time,
        aa1_0.status,
        aa1_0.update_time,
        aa1_0.workflow_json 
    from
        agent_app aa1_0 
    where
        aa1_0.id=?
2026-03-12T08:54:43.223+08:00 DEBUG 2232114 --- [process-agent-backend] [0.0-8055-exec-2] org.hibernate.SQL                        : 
    select
        aa1_0.id,
        aa1_0.app_type,
        aa1_0.create_time,
        aa1_0.description,
        aa1_0.name,
        aa1_0.public_url,
        aa1_0.publish_time,
        aa1_0.status,
        aa1_0.update_time,
        aa1_0.workflow_json 
    from
        agent_app aa1_0 
    where
        aa1_0.id=?
2026-03-12T08:54:43.226+08:00 DEBUG 2232114 --- [process-agent-backend] [0.0-8055-exec-2] org.hibernate.SQL                        : 
    select
        aa1_0.id,
        aa1_0.app_type,
        aa1_0.create_time,
        aa1_0.description,
        aa1_0.name,
        aa1_0.public_url,
        aa1_0.publish_time,
        aa1_0.status,
        aa1_0.update_time,
        aa1_0.workflow_json 
    from
        agent_app aa1_0 
    where
        aa1_0.id=?
2026-03-12T08:54:43.229+08:00 DEBUG 2232114 --- [process-agent-backend] [0.0-8055-exec-2] org.hibernate.SQL                        : 
    update
        agent_app 
    set
        app_type=?,
        create_time=?,
        description=?,
        name=?,
        public_url=?,
        publish_time=?,
        status=?,
        update_time=?,
        workflow_json=? 
    where
        id=?
2026-03-12T08:54:43.901+08:00 DEBUG 2232114 --- [process-agent-backend] [.0-8055-exec-10] org.hibernate.SQL                        : 
    select
        aa1_0.id,
        aa1_0.app_type,
        aa1_0.create_time,
        aa1_0.description,
        aa1_0.name,
        aa1_0.public_url,
        aa1_0.publish_time,
        aa1_0.status,
        aa1_0.update_time,
        aa1_0.workflow_json 
    from
        agent_app aa1_0 
    where
        aa1_0.id=?
2026-03-12T08:54:43.904+08:00 DEBUG 2232114 --- [process-agent-backend] [.0-8055-exec-10] org.hibernate.SQL                        : 
    select
        aa1_0.id,
        aa1_0.app_type,
        aa1_0.create_time,
        aa1_0.description,
        aa1_0.name,
        aa1_0.public_url,
        aa1_0.publish_time,
        aa1_0.status,
        aa1_0.update_time,
        aa1_0.workflow_json 
    from
        agent_app aa1_0 
    where
        aa1_0.id=?
2026-03-12T08:54:43.906+08:00 DEBUG 2232114 --- [process-agent-backend] [.0-8055-exec-10] org.hibernate.SQL                        : 
    update
        agent_app 
    set
        app_type=?,
        create_time=?,
        description=?,
        name=?,
        public_url=?,
        publish_time=?,
        status=?,
        update_time=?,
        workflow_json=? 
    where
        id=?
2026-03-12T08:54:55.549+08:00 DEBUG 2232114 --- [process-agent-backend] [0.0-8055-exec-1] org.hibernate.SQL                        : 
    select
        aa1_0.id,
        aa1_0.app_type,
        aa1_0.create_time,
        aa1_0.description,
        aa1_0.name,
        aa1_0.public_url,
        aa1_0.publish_time,
        aa1_0.status,
        aa1_0.update_time,
        aa1_0.workflow_json 
    from
        agent_app aa1_0 
    where
        aa1_0.id=?
2026-03-12T08:54:55.552+08:00 DEBUG 2232114 --- [process-agent-backend] [0.0-8055-exec-1] org.hibernate.SQL                        : 
    select
        aa1_0.id,
        aa1_0.app_type,
        aa1_0.create_time,
        aa1_0.description,
        aa1_0.name,
        aa1_0.public_url,
        aa1_0.publish_time,
        aa1_0.status,
        aa1_0.update_time,
        aa1_0.workflow_json 
    from
        agent_app aa1_0 
    where
        aa1_0.id=?
2026-03-12T08:54:55.554+08:00 DEBUG 2232114 --- [process-agent-backend] [0.0-8055-exec-1] org.hibernate.SQL                        : 
    update
        agent_app 
    set
        app_type=?,
        create_time=?,
        description=?,
        name=?,
        public_url=?,
        publish_time=?,
        status=?,
        update_time=?,
        workflow_json=? 
    where
        id=?
2026-03-12T08:55:05.610+08:00 DEBUG 2232114 --- [process-agent-backend] [0.0-8055-exec-3] org.hibernate.SQL                        : 
    select
        aa1_0.id,
        aa1_0.app_type,
        aa1_0.create_time,
        aa1_0.description,
        aa1_0.name,
        aa1_0.public_url,
        aa1_0.publish_time,
        aa1_0.status,
        aa1_0.update_time,
        aa1_0.workflow_json 
    from
        agent_app aa1_0 
    where
        aa1_0.id=?
2026-03-12T08:55:05.614+08:00 DEBUG 2232114 --- [process-agent-backend] [0.0-8055-exec-3] org.hibernate.SQL                        : 
    select
        aa1_0.id,
        aa1_0.app_type,
        aa1_0.create_time,
        aa1_0.description,
        aa1_0.name,
        aa1_0.public_url,
        aa1_0.publish_time,
        aa1_0.status,
        aa1_0.update_time,
        aa1_0.workflow_json 
    from
        agent_app aa1_0 
    where
        aa1_0.id=?
2026-03-12T08:55:05.616+08:00 DEBUG 2232114 --- [process-agent-backend] [0.0-8055-exec-3] org.hibernate.SQL                        : 
    update
        agent_app 
    set
        app_type=?,
        create_time=?,
        description=?,
        name=?,
        public_url=?,
        publish_time=?,
        status=?,
        update_time=?,
        workflow_json=? 
    where
        id=?
2026-03-12T08:55:05.865+08:00 DEBUG 2232114 --- [process-agent-backend] [0.0-8055-exec-6] org.hibernate.SQL                        : 
    select
        tc1_0.id,
        tc1_0.description,
        tc1_0.endpoint,
        tc1_0.name,
        tc1_0.status,
        tc1_0.type,
        tc1_0.update_time 
    from
        tool_config tc1_0
2026-03-12T08:55:07.862+08:00 DEBUG 2232114 --- [process-agent-backend] [0.0-8055-exec-4] org.hibernate.SQL                        : 
    select
        aa1_0.id,
        aa1_0.app_type,
        aa1_0.create_time,
        aa1_0.description,
        aa1_0.name,
        aa1_0.public_url,
        aa1_0.publish_time,
        aa1_0.status,
        aa1_0.update_time,
        aa1_0.workflow_json 
    from
        agent_app aa1_0 
    where
        aa1_0.id=?
2026-03-12T08:55:07.866+08:00 DEBUG 2232114 --- [process-agent-backend] [0.0-8055-exec-4] org.hibernate.SQL                        : 
    select
        aa1_0.id,
        aa1_0.app_type,
        aa1_0.create_time,
        aa1_0.description,
        aa1_0.name,
        aa1_0.public_url,
        aa1_0.publish_time,
        aa1_0.status,
        aa1_0.update_time,
        aa1_0.workflow_json 
    from
        agent_app aa1_0 
    where
        aa1_0.id=?
2026-03-12T08:55:07.869+08:00 DEBUG 2232114 --- [process-agent-backend] [0.0-8055-exec-4] org.hibernate.SQL                        : 
    update
        agent_app 
    set
        app_type=?,
        create_time=?,
        description=?,
        name=?,
        public_url=?,
        publish_time=?,
        status=?,
        update_time=?,
        workflow_json=? 
    where
        id=?
2026-03-12T08:55:08.906+08:00 DEBUG 2232114 --- [process-agent-backend] [0.0-8055-exec-5] org.hibernate.SQL                        : 
    select
        aa1_0.id,
        aa1_0.app_type,
        aa1_0.create_time,
        aa1_0.description,
        aa1_0.name,
        aa1_0.public_url,
        aa1_0.publish_time,
        aa1_0.status,
        aa1_0.update_time,
        aa1_0.workflow_json 
    from
        agent_app aa1_0 
    where
        aa1_0.id=?
2026-03-12T08:55:08.908+08:00 DEBUG 2232114 --- [process-agent-backend] [0.0-8055-exec-5] org.hibernate.SQL                        : 
    select
        aa1_0.id,
        aa1_0.app_type,
        aa1_0.create_time,
        aa1_0.description,
        aa1_0.name,
        aa1_0.public_url,
        aa1_0.publish_time,
        aa1_0.status,
        aa1_0.update_time,
        aa1_0.workflow_json 
    from
        agent_app aa1_0 
    where
        aa1_0.id=?
2026-03-12T08:55:08.910+08:00 DEBUG 2232114 --- [process-agent-backend] [0.0-8055-exec-5] org.hibernate.SQL                        : 
    update
        agent_app 
    set
        app_type=?,
        create_time=?,
        description=?,
        name=?,
        public_url=?,
        publish_time=?,
        status=?,
        update_time=?,
        workflow_json=? 
    where
        id=?
2026-03-12T09:00:02.079+08:00 DEBUG 2232114 --- [process-agent-backend] [0.0-8055-exec-7] org.hibernate.SQL                        : 
    select
        ki1_0.id,
        ki1_0.category,
        ki1_0.name,
        ki1_0.status,
        ki1_0.type,
        ki1_0.update_time,
        ki1_0.version 
    from
        knowledge_item ki1_0
2026-03-12T09:00:02.079+08:00 DEBUG 2232114 --- [process-agent-backend] [0.0-8055-exec-8] org.hibernate.SQL                        : 
    select
        mc1_0.id,
        mc1_0.api_key,
        mc1_0.endpoint,
        mc1_0.name,
        mc1_0.provider,
        mc1_0.remark,
        mc1_0.status,
        mc1_0.type,
        mc1_0.update_time 
    from
        model_config mc1_0
2026-03-12T09:00:02.092+08:00 DEBUG 2232114 --- [process-agent-backend] [0.0-8055-exec-9] org.hibernate.SQL                        : 
    select
        aa1_0.id,
        aa1_0.app_type,
        aa1_0.create_time,
        aa1_0.description,
        aa1_0.name,
        aa1_0.public_url,
        aa1_0.publish_time,
        aa1_0.status,
        aa1_0.update_time,
        aa1_0.workflow_json 
    from
        agent_app aa1_0 
    where
        aa1_0.id=?
2026-03-12T09:00:06.640+08:00 DEBUG 2232114 --- [process-agent-backend] [.0-8055-exec-10] org.hibernate.SQL                        : 
    select
        ki1_0.id,
        ki1_0.category,
        ki1_0.name,
        ki1_0.status,
        ki1_0.type,
        ki1_0.update_time,
        ki1_0.version 
    from
        knowledge_item ki1_0
2026-03-12T09:00:06.640+08:00 DEBUG 2232114 --- [process-agent-backend] [0.0-8055-exec-2] org.hibernate.SQL                        : 
    select
        mc1_0.id,
        mc1_0.api_key,
        mc1_0.endpoint,
        mc1_0.name,
        mc1_0.provider,
        mc1_0.remark,
        mc1_0.status,
        mc1_0.type,
        mc1_0.update_time 
    from
        model_config mc1_0
2026-03-12T09:00:06.656+08:00 DEBUG 2232114 --- [process-agent-backend] [0.0-8055-exec-1] org.hibernate.SQL                        : 
    select
        aa1_0.id,
        aa1_0.app_type,
        aa1_0.create_time,
        aa1_0.description,
        aa1_0.name,
        aa1_0.public_url,
        aa1_0.publish_time,
        aa1_0.status,
        aa1_0.update_time,
        aa1_0.workflow_json 
    from
        agent_app aa1_0 
    where
        aa1_0.id=?
2026-03-12T09:00:10.288+08:00 DEBUG 2232114 --- [process-agent-backend] [0.0-8055-exec-6] org.hibernate.SQL                        : 
    select
        ki1_0.id,
        ki1_0.category,
        ki1_0.name,
        ki1_0.status,
        ki1_0.type,
        ki1_0.update_time,
        ki1_0.version 
    from
        knowledge_item ki1_0
2026-03-12T09:00:10.288+08:00 DEBUG 2232114 --- [process-agent-backend] [0.0-8055-exec-3] org.hibernate.SQL                        : 
    select
        mc1_0.id,
        mc1_0.api_key,
        mc1_0.endpoint,
        mc1_0.name,
        mc1_0.provider,
        mc1_0.remark,
        mc1_0.status,
        mc1_0.type,
        mc1_0.update_time 
    from
        model_config mc1_0
2026-03-12T09:00:10.303+08:00 DEBUG 2232114 --- [process-agent-backend] [0.0-8055-exec-4] org.hibernate.SQL                        : 
    select
        aa1_0.id,
        aa1_0.app_type,
        aa1_0.create_time,
        aa1_0.description,
        aa1_0.name,
        aa1_0.public_url,
        aa1_0.publish_time,
        aa1_0.status,
        aa1_0.update_time,
        aa1_0.workflow_json 
    from
        agent_app aa1_0 
    where
        aa1_0.id=?
2026-03-12T09:01:35.028+08:00 DEBUG 2232114 --- [process-agent-backend] [0.0-8055-exec-5] org.hibernate.SQL                        : 
    select
        aa1_0.id,
        aa1_0.app_type,
        aa1_0.create_time,
        aa1_0.description,
        aa1_0.name,
        aa1_0.public_url,
        aa1_0.publish_time,
        aa1_0.status,
        aa1_0.update_time,
        aa1_0.workflow_json 
    from
        agent_app aa1_0
2026-03-12T09:01:39.245+08:00 DEBUG 2232114 --- [process-agent-backend] [0.0-8055-exec-7] org.hibernate.SQL                        : 
    select
        it1_0.id,
        it1_0.create_time,
        it1_0.end_time,
        it1_0.name,
        it1_0.progress,
        it1_0.run_time_seconds,
        it1_0.start_time,
        it1_0.status,
        it1_0.task_system 
    from
        integration_task it1_0
2026-03-12T09:01:42.620+08:00 DEBUG 2232114 --- [process-agent-backend] [0.0-8055-exec-8] org.hibernate.SQL                        : 
    select
        count(*) 
    from
        integration_task it1_0 
    where
        it1_0.id=?
2026-03-12T09:01:42.623+08:00 DEBUG 2232114 --- [process-agent-backend] [0.0-8055-exec-8] org.hibernate.SQL                        : 
    select
        it1_0.id,
        it1_0.create_time,
        it1_0.end_time,
        it1_0.name,
        it1_0.progress,
        it1_0.run_time_seconds,
        it1_0.start_time,
        it1_0.status,
        it1_0.task_system 
    from
        integration_task it1_0 
    where
        it1_0.id=?
2026-03-12T09:01:42.630+08:00 DEBUG 2232114 --- [process-agent-backend] [0.0-8055-exec-8] org.hibernate.SQL                        : 
    delete 
    from
        integration_task 
    where
        id=?
2026-03-12T09:01:42.651+08:00 DEBUG 2232114 --- [process-agent-backend] [0.0-8055-exec-9] org.hibernate.SQL                        : 
    select
        it1_0.id,
        it1_0.create_time,
        it1_0.end_time,
        it1_0.name,
        it1_0.progress,
        it1_0.run_time_seconds,
        it1_0.start_time,
        it1_0.status,
        it1_0.task_system 
    from
        integration_task it1_0
2026-03-12T09:01:47.348+08:00 DEBUG 2232114 --- [process-agent-backend] [0.0-8055-exec-2] org.hibernate.SQL                        : 
    insert 
    into
        integration_task
        (create_time, end_time, name, progress, run_time_seconds, start_time, status, task_system) 
    values
        (?, ?, ?, ?, ?, ?, ?, ?)
2026-03-12T09:01:47.364+08:00 DEBUG 2232114 --- [process-agent-backend] [.0-8055-exec-10] org.hibernate.SQL                        : 
    select
        it1_0.id,
        it1_0.create_time,
        it1_0.end_time,
        it1_0.name,
        it1_0.progress,
        it1_0.run_time_seconds,
        it1_0.start_time,
        it1_0.status,
        it1_0.task_system 
    from
        integration_task it1_0
2026-03-12T09:01:56.268+08:00 DEBUG 2232114 --- [process-agent-backend] [0.0-8055-exec-1] org.hibernate.SQL                        : 
    select
        aa1_0.id,
        aa1_0.app_type,
        aa1_0.create_time,
        aa1_0.description,
        aa1_0.name,
        aa1_0.public_url,
        aa1_0.publish_time,
        aa1_0.status,
        aa1_0.update_time,
        aa1_0.workflow_json 
    from
        agent_app aa1_0
2026-03-12T09:02:20.734+08:00 DEBUG 2232114 --- [process-agent-backend] [0.0-8055-exec-3] org.hibernate.SQL                        : 
    select
        it1_0.id,
        it1_0.create_time,
        it1_0.end_time,
        it1_0.name,
        it1_0.progress,
        it1_0.run_time_seconds,
        it1_0.start_time,
        it1_0.status,
        it1_0.task_system 
    from
        integration_task it1_0
2026-03-12T09:02:23.154+08:00 DEBUG 2232114 --- [process-agent-backend] [0.0-8055-exec-6] org.hibernate.SQL                        : 
    select
        count(*) 
    from
        integration_task it1_0 
    where
        it1_0.id=?
2026-03-12T09:02:23.158+08:00 DEBUG 2232114 --- [process-agent-backend] [0.0-8055-exec-6] org.hibernate.SQL                        : 
    select
        it1_0.id,
        it1_0.create_time,
        it1_0.end_time,
        it1_0.name,
        it1_0.progress,
        it1_0.run_time_seconds,
        it1_0.start_time,
        it1_0.status,
        it1_0.task_system 
    from
        integration_task it1_0 
    where
        it1_0.id=?
2026-03-12T09:02:23.160+08:00 DEBUG 2232114 --- [process-agent-backend] [0.0-8055-exec-6] org.hibernate.SQL                        : 
    delete 
    from
        integration_task 
    where
        id=?
2026-03-12T09:02:23.173+08:00 DEBUG 2232114 --- [process-agent-backend] [0.0-8055-exec-4] org.hibernate.SQL                        : 
    select
        it1_0.id,
        it1_0.create_time,
        it1_0.end_time,
        it1_0.name,
        it1_0.progress,
        it1_0.run_time_seconds,
        it1_0.start_time,
        it1_0.status,
        it1_0.task_system 
    from
        integration_task it1_0
2026-03-12T09:02:35.018+08:00 DEBUG 2232114 --- [process-agent-backend] [0.0-8055-exec-5] org.hibernate.SQL                        : 
    insert 
    into
        integration_task
        (create_time, end_time, name, progress, run_time_seconds, start_time, status, task_system) 
    values
        (?, ?, ?, ?, ?, ?, ?, ?)
2026-03-12T09:02:35.035+08:00 DEBUG 2232114 --- [process-agent-backend] [0.0-8055-exec-7] org.hibernate.SQL                        : 
    select
        it1_0.id,
        it1_0.create_time,
        it1_0.end_time,
        it1_0.name,
        it1_0.progress,
        it1_0.run_time_seconds,
        it1_0.start_time,
        it1_0.status,
        it1_0.task_system 
    from
        integration_task it1_0
2026-03-12T09:05:12.173+08:00 DEBUG 2232114 --- [process-agent-backend] [0.0-8055-exec-8] org.hibernate.SQL                        : 
    select
        it1_0.id,
        it1_0.create_time,
        it1_0.end_time,
        it1_0.name,
        it1_0.progress,
        it1_0.run_time_seconds,
        it1_0.start_time,
        it1_0.status,
        it1_0.task_system 
    from
        integration_task it1_0
2026-03-12T09:05:31.431+08:00 DEBUG 2232114 --- [process-agent-backend] [0.0-8055-exec-9] org.hibernate.SQL                        : 
    select
        it1_0.id,
        it1_0.create_time,
        it1_0.end_time,
        it1_0.name,
        it1_0.progress,
        it1_0.run_time_seconds,
        it1_0.start_time,
        it1_0.status,
        it1_0.task_system 
    from
        integration_task it1_0
2026-03-12T09:05:52.486+08:00 DEBUG 2232114 --- [process-agent-backend] [0.0-8055-exec-2] org.hibernate.SQL                        : 
    select
        aa1_0.id,
        aa1_0.app_type,
        aa1_0.create_time,
        aa1_0.description,
        aa1_0.name,
        aa1_0.public_url,
        aa1_0.publish_time,
        aa1_0.status,
        aa1_0.update_time,
        aa1_0.workflow_json 
    from
        agent_app aa1_0
2026-03-12T09:05:54.439+08:00 DEBUG 2232114 --- [process-agent-backend] [.0-8055-exec-10] org.hibernate.SQL                        : 
    select
        mc1_0.id,
        mc1_0.api_key,
        mc1_0.endpoint,
        mc1_0.name,
        mc1_0.provider,
        mc1_0.remark,
        mc1_0.status,
        mc1_0.type,
        mc1_0.update_time 
    from
        model_config mc1_0
2026-03-12T09:05:54.440+08:00 DEBUG 2232114 --- [process-agent-backend] [0.0-8055-exec-1] org.hibernate.SQL                        : 
    select
        ki1_0.id,
        ki1_0.category,
        ki1_0.name,
        ki1_0.status,
        ki1_0.type,
        ki1_0.update_time,
        ki1_0.version 
    from
        knowledge_item ki1_0
2026-03-12T09:05:55.752+08:00 DEBUG 2232114 --- [process-agent-backend] [0.0-8055-exec-3] org.hibernate.SQL                        : 
    select
        mc1_0.id,
        mc1_0.api_key,
        mc1_0.endpoint,
        mc1_0.name,
        mc1_0.provider,
        mc1_0.remark,
        mc1_0.status,
        mc1_0.type,
        mc1_0.update_time 
    from
        model_config mc1_0
2026-03-12T09:05:56.566+08:00 DEBUG 2232114 --- [process-agent-backend] [0.0-8055-exec-6] org.hibernate.SQL                        : 
    select
        rc1_0.id,
        rc1_0.logic_output,
        rc1_0.name,
        rc1_0.natural_language,
        rc1_0.status,
        rc1_0.update_time 
    from
        rule_config rc1_0
2026-03-12T09:05:57.665+08:00 DEBUG 2232114 --- [process-agent-backend] [0.0-8055-exec-4] org.hibernate.SQL                        : 
    select
        tc1_0.id,
        tc1_0.description,
        tc1_0.endpoint,
        tc1_0.name,
        tc1_0.status,
        tc1_0.type,
        tc1_0.update_time 
    from
        tool_config tc1_0
2026-03-12T09:05:58.329+08:00 DEBUG 2232114 --- [process-agent-backend] [0.0-8055-exec-5] org.hibernate.SQL                        : 
    select
        mc1_0.id,
        mc1_0.api_key,
        mc1_0.endpoint,
        mc1_0.name,
        mc1_0.provider,
        mc1_0.remark,
        mc1_0.status,
        mc1_0.type,
        mc1_0.update_time 
    from
        model_config mc1_0
2026-03-12T09:05:58.331+08:00 DEBUG 2232114 --- [process-agent-backend] [0.0-8055-exec-7] org.hibernate.SQL                        : 
    select
        ki1_0.id,
        ki1_0.category,
        ki1_0.name,
        ki1_0.status,
        ki1_0.type,
        ki1_0.update_time,
        ki1_0.version 
    from
        knowledge_item ki1_0
2026-03-12T09:06:00.853+08:00 DEBUG 2232114 --- [process-agent-backend] [0.0-8055-exec-8] org.hibernate.SQL                        : 
    select
        mc1_0.id,
        mc1_0.api_key,
        mc1_0.endpoint,
        mc1_0.name,
        mc1_0.provider,
        mc1_0.remark,
        mc1_0.status,
        mc1_0.type,
        mc1_0.update_time 
    from
        model_config mc1_0
2026-03-12T09:06:01.683+08:00 DEBUG 2232114 --- [process-agent-backend] [0.0-8055-exec-9] org.hibernate.SQL                        : 
    select
        rc1_0.id,
        rc1_0.logic_output,
        rc1_0.name,
        rc1_0.natural_language,
        rc1_0.status,
        rc1_0.update_time 
    from
        rule_config rc1_0
2026-03-12T09:10:30.726+08:00 DEBUG 2232114 --- [process-agent-backend] [0.0-8055-exec-2] org.hibernate.SQL                        : 
    select
        it1_0.id,
        it1_0.create_time,
        it1_0.end_time,
        it1_0.name,
        it1_0.progress,
        it1_0.run_time_seconds,
        it1_0.start_time,
        it1_0.status,
        it1_0.task_system 
    from
        integration_task it1_0
2026-03-12T09:10:33.377+08:00 DEBUG 2232114 --- [process-agent-backend] [.0-8055-exec-10] org.hibernate.SQL                        : 
    select
        count(*) 
    from
        integration_task it1_0 
    where
        it1_0.id=?
2026-03-12T09:10:33.380+08:00 DEBUG 2232114 --- [process-agent-backend] [.0-8055-exec-10] org.hibernate.SQL                        : 
    select
        it1_0.id,
        it1_0.create_time,
        it1_0.end_time,
        it1_0.name,
        it1_0.progress,
        it1_0.run_time_seconds,
        it1_0.start_time,
        it1_0.status,
        it1_0.task_system 
    from
        integration_task it1_0 
    where
        it1_0.id=?
2026-03-12T09:10:33.382+08:00 DEBUG 2232114 --- [process-agent-backend] [.0-8055-exec-10] org.hibernate.SQL                        : 
    delete 
    from
        integration_task 
    where
        id=?
2026-03-12T09:10:33.395+08:00 DEBUG 2232114 --- [process-agent-backend] [0.0-8055-exec-1] org.hibernate.SQL                        : 
    select
        it1_0.id,
        it1_0.create_time,
        it1_0.end_time,
        it1_0.name,
        it1_0.progress,
        it1_0.run_time_seconds,
        it1_0.start_time,
        it1_0.status,
        it1_0.task_system 
    from
        integration_task it1_0
2026-03-12T09:10:38.218+08:00 DEBUG 2232114 --- [process-agent-backend] [0.0-8055-exec-3] org.hibernate.SQL                        : 
    insert 
    into
        integration_task
        (create_time, end_time, name, progress, run_time_seconds, start_time, status, task_system) 
    values
        (?, ?, ?, ?, ?, ?, ?, ?)
2026-03-12T09:10:38.232+08:00 DEBUG 2232114 --- [process-agent-backend] [0.0-8055-exec-6] org.hibernate.SQL                        : 
    select
        it1_0.id,
        it1_0.create_time,
        it1_0.end_time,
        it1_0.name,
        it1_0.progress,
        it1_0.run_time_seconds,
        it1_0.start_time,
        it1_0.status,
        it1_0.task_system 
    from
        integration_task it1_0
2026-03-12T09:10:54.044+08:00 DEBUG 2232114 --- [process-agent-backend] [0.0-8055-exec-4] org.hibernate.SQL                        : 
    select
        count(*) 
    from
        integration_task it1_0 
    where
        it1_0.id=?
2026-03-12T09:10:54.048+08:00 DEBUG 2232114 --- [process-agent-backend] [0.0-8055-exec-4] org.hibernate.SQL                        : 
    select
        it1_0.id,
        it1_0.create_time,
        it1_0.end_time,
        it1_0.name,
        it1_0.progress,
        it1_0.run_time_seconds,
        it1_0.start_time,
        it1_0.status,
        it1_0.task_system 
    from
        integration_task it1_0 
    where
        it1_0.id=?
2026-03-12T09:10:54.051+08:00 DEBUG 2232114 --- [process-agent-backend] [0.0-8055-exec-4] org.hibernate.SQL                        : 
    delete 
    from
        integration_task 
    where
        id=?
2026-03-12T09:10:54.070+08:00 DEBUG 2232114 --- [process-agent-backend] [0.0-8055-exec-5] org.hibernate.SQL                        : 
    select
        it1_0.id,
        it1_0.create_time,
        it1_0.end_time,
        it1_0.name,
        it1_0.progress,
        it1_0.run_time_seconds,
        it1_0.start_time,
        it1_0.status,
        it1_0.task_system 
    from
        integration_task it1_0
2026-03-12T09:10:55.645+08:00 DEBUG 2232114 --- [process-agent-backend] [0.0-8055-exec-7] org.hibernate.SQL                        : 
    select
        count(*) 
    from
        integration_task it1_0 
    where
        it1_0.id=?
2026-03-12T09:10:55.649+08:00 DEBUG 2232114 --- [process-agent-backend] [0.0-8055-exec-7] org.hibernate.SQL                        : 
    select
        it1_0.id,
        it1_0.create_time,
        it1_0.end_time,
        it1_0.name,
        it1_0.progress,
        it1_0.run_time_seconds,
        it1_0.start_time,
        it1_0.status,
        it1_0.task_system 
    from
        integration_task it1_0 
    where
        it1_0.id=?
2026-03-12T09:10:55.652+08:00 DEBUG 2232114 --- [process-agent-backend] [0.0-8055-exec-7] org.hibernate.SQL                        : 
    delete 
    from
        integration_task 
    where
        id=?
2026-03-12T09:10:55.671+08:00 DEBUG 2232114 --- [process-agent-backend] [0.0-8055-exec-8] org.hibernate.SQL                        : 
    select
        it1_0.id,
        it1_0.create_time,
        it1_0.end_time,
        it1_0.name,
        it1_0.progress,
        it1_0.run_time_seconds,
        it1_0.start_time,
        it1_0.status,
        it1_0.task_system 
    from
        integration_task it1_0
2026-03-12T09:10:59.137+08:00 DEBUG 2232114 --- [process-agent-backend] [0.0-8055-exec-9] org.hibernate.SQL                        : 
    insert 
    into
        integration_task
        (create_time, end_time, name, progress, run_time_seconds, start_time, status, task_system) 
    values
        (?, ?, ?, ?, ?, ?, ?, ?)
2026-03-12T09:10:59.154+08:00 DEBUG 2232114 --- [process-agent-backend] [0.0-8055-exec-2] org.hibernate.SQL                        : 
    select
        it1_0.id,
        it1_0.create_time,
        it1_0.end_time,
        it1_0.name,
        it1_0.progress,
        it1_0.run_time_seconds,
        it1_0.start_time,
        it1_0.status,
        it1_0.task_system 
    from
        integration_task it1_0
2026-03-12T09:12:35.534+08:00 DEBUG 2232114 --- [process-agent-backend] [.0-8055-exec-10] org.hibernate.SQL                        : 
    select
        it1_0.id,
        it1_0.create_time,
        it1_0.end_time,
        it1_0.name,
        it1_0.progress,
        it1_0.run_time_seconds,
        it1_0.start_time,
        it1_0.status,
        it1_0.task_system 
    from
        integration_task it1_0
2026-03-12T09:17:32.230+08:00  INFO 2232114 --- [process-agent-backend] [ionShutdownHook] j.LocalContainerEntityManagerFactoryBean : Closing JPA EntityManagerFactory for persistence unit 'default'
2026-03-12T09:17:32.235+08:00  INFO 2232114 --- [process-agent-backend] [ionShutdownHook] com.zaxxer.hikari.HikariDataSource       : HikariPool-1 - Shutdown initiated...
2026-03-12T09:17:32.237+08:00  INFO 2232114 --- [process-agent-backend] [ionShutdownHook] com.zaxxer.hikari.HikariDataSource       : HikariPool-1 - Shutdown completed.
[INFO] ------------------------------------------------------------------------
[INFO] BUILD FAILURE
[INFO] ------------------------------------------------------------------------
[INFO] Total time:  01:09 h
[INFO] Finished at: 2026-03-12T09:17:32+08:00
[INFO] ------------------------------------------------------------------------
[ERROR] Failed to execute goal org.springframework.boot:spring-boot-maven-plugin:3.2.5:run (default-cli) on project process-agent-backend: Process terminated with exit code: 143 -> [Help 1]
[ERROR] 
[ERROR] To see the full stack trace of the errors, re-run Maven with the -e switch.
[ERROR] Re-run Maven using the -X switch to enable full debug logging.
[ERROR] 
[ERROR] For more information about the errors and possible solutions, please read the following articles:
[ERROR] [Help 1] http://cwiki.apache.org/confluence/display/MAVEN/MojoExecutionException
